<?xml version="1.0" encoding="UTF-8"?>
<testng-results skipped="0" failed="0" ignored="7" total="15" passed="8">
  <reporter-output>
  </reporter-output>
  <suite name="suite2" duration-ms="54954" started-at="2020-06-16T14:17:04 PDT" finished-at="2020-06-16T14:17:59 PDT">
    <groups>
    </groups>
    <test name="C:\Users\kulka\IdeaProjects\TalentscreenAutomationProject" duration-ms="54954" started-at="2020-06-16T14:17:04 PDT" finished-at="2020-06-16T14:17:59 PDT">
      <class name="com.wbl.test.HomePageTest">
        <test-method status="PASS" signature="beforeSuite(org.testng.ITestContext)[pri:0, instance:com.wbl.test.HomePageTest@b2c9a9c]" name="beforeSuite" is-config="true" duration-ms="0" depends-on-groups="suite2" started-at="2020-06-16T14:17:04 PDT" finished-at="2020-06-16T14:17:04 PDT">
          <params>
            <param index="0">
              <value>
                <![CDATA[org.testng.TestRunner@740773a3]]>
              </value>
            </param>
          </params>
          <reporter-output>
          </reporter-output>
        </test-method> <!-- beforeSuite -->
        <test-method status="PASS" signature="setUp()[pri:0, instance:com.wbl.test.HomePageTest@b2c9a9c]" name="setUp" is-config="true" duration-ms="15881" started-at="2020-06-16T14:17:05 PDT" finished-at="2020-06-16T14:17:21 PDT">
          <reporter-output>
          </reporter-output>
        </test-method> <!-- setUp -->
        <test-method status="PASS" signature="loginTest(java.lang.String, java.lang.String, java.lang.String)[pri:0, instance:com.wbl.test.HomePageTest@b2c9a9c]" name="loginTest" duration-ms="2490" started-at="2020-06-16T14:17:21 PDT" data-provider="LogPassData" finished-at="2020-06-16T14:17:23 PDT">
          <params>
            <param index="0">
              <value>
                <![CDATA[qwerty@gmail.com]]>
              </value>
            </param>
            <param index="1">
              <value>
                <![CDATA[qwerty123]]>
              </value>
            </param>
            <param index="2">
              <value>
                <![CDATA[You have not registered. Please sign up.]]>
              </value>
            </param>
          </params>
          <reporter-output>
          </reporter-output>
        </test-method> <!-- loginTest -->
        <test-method status="PASS" signature="tearDown(org.testng.ITestResult)[pri:0, instance:com.wbl.test.HomePageTest@b2c9a9c]" name="tearDown" is-config="true" duration-ms="251" started-at="2020-06-16T14:17:23 PDT" finished-at="2020-06-16T14:17:24 PDT">
          <params>
            <param index="0">
              <value>
                <![CDATA[[TestResult name=loginTest status=SUCCESS method=HomePageTest.loginTest(java.lang.String, java.lang.String, java.lang.String)[pri:0, instance:com.wbl.test.HomePageTest@b2c9a9c] output={null}]]]>
              </value>
            </param>
          </params>
          <reporter-output>
          </reporter-output>
        </test-method> <!-- tearDown -->
        <test-method status="PASS" signature="setUp()[pri:0, instance:com.wbl.test.HomePageTest@b2c9a9c]" name="setUp" is-config="true" duration-ms="15008" started-at="2020-06-16T14:17:24 PDT" finished-at="2020-06-16T14:17:39 PDT">
          <reporter-output>
          </reporter-output>
        </test-method> <!-- setUp -->
        <test-method status="PASS" signature="loginTest(java.lang.String, java.lang.String, java.lang.String)[pri:0, instance:com.wbl.test.HomePageTest@b2c9a9c]" name="loginTest" duration-ms="2409" started-at="2020-06-16T14:17:39 PDT" data-provider="LogPassData" finished-at="2020-06-16T14:17:41 PDT">
          <params>
            <param index="0">
              <value>
                <![CDATA[pingpongball@gmail.com]]>
              </value>
            </param>
            <param index="1">
              <value>
                <![CDATA[pingpongball123]]>
              </value>
            </param>
            <param index="2">
              <value>
                <![CDATA[You have not registered. Please sign up.]]>
              </value>
            </param>
          </params>
          <reporter-output>
          </reporter-output>
        </test-method> <!-- loginTest -->
        <test-method status="PASS" signature="tearDown(org.testng.ITestResult)[pri:0, instance:com.wbl.test.HomePageTest@b2c9a9c]" name="tearDown" is-config="true" duration-ms="204" started-at="2020-06-16T14:17:41 PDT" finished-at="2020-06-16T14:17:41 PDT">
          <params>
            <param index="0">
              <value>
                <![CDATA[[TestResult name=loginTest status=SUCCESS method=HomePageTest.loginTest(java.lang.String, java.lang.String, java.lang.String)[pri:0, instance:com.wbl.test.HomePageTest@b2c9a9c] output={null}]]]>
              </value>
            </param>
          </params>
          <reporter-output>
          </reporter-output>
        </test-method> <!-- tearDown -->
        <test-method status="PASS" signature="setUp()[pri:0, instance:com.wbl.test.HomePageTest@b2c9a9c]" name="setUp" is-config="true" duration-ms="15244" started-at="2020-06-16T14:17:41 PDT" finished-at="2020-06-16T14:17:56 PDT">
          <reporter-output>
          </reporter-output>
        </test-method> <!-- setUp -->
        <test-method status="PASS" signature="loginTest(java.lang.String, java.lang.String, java.lang.String)[pri:0, instance:com.wbl.test.HomePageTest@b2c9a9c]" name="loginTest" duration-ms="2499" started-at="2020-06-16T14:17:56 PDT" data-provider="LogPassData" finished-at="2020-06-16T14:17:59 PDT">
          <params>
            <param index="0">
              <value>
                <![CDATA[worldwideweb@gmail.com]]>
              </value>
            </param>
            <param index="1">
              <value>
                <![CDATA[worldwideweb123]]>
              </value>
            </param>
            <param index="2">
              <value>
                <![CDATA[You have not registered. Please sign up.]]>
              </value>
            </param>
          </params>
          <reporter-output>
          </reporter-output>
        </test-method> <!-- loginTest -->
        <test-method status="PASS" signature="tearDown(org.testng.ITestResult)[pri:0, instance:com.wbl.test.HomePageTest@b2c9a9c]" name="tearDown" is-config="true" duration-ms="268" started-at="2020-06-16T14:17:59 PDT" finished-at="2020-06-16T14:17:59 PDT">
          <params>
            <param index="0">
              <value>
                <![CDATA[[TestResult name=loginTest status=SUCCESS method=HomePageTest.loginTest(java.lang.String, java.lang.String, java.lang.String)[pri:0, instance:com.wbl.test.HomePageTest@b2c9a9c] output={null}]]]>
              </value>
            </param>
          </params>
          <reporter-output>
          </reporter-output>
        </test-method> <!-- tearDown -->
        <test-method status="PASS" signature="afterSuite()[pri:0, instance:com.wbl.test.HomePageTest@b2c9a9c]" name="afterSuite" is-config="true" duration-ms="637" started-at="2020-06-16T14:17:59 PDT" finished-at="2020-06-16T14:18:00 PDT">
          <reporter-output>
          </reporter-output>
        </test-method> <!-- afterSuite -->
      </class> <!-- com.wbl.test.HomePageTest -->
    </test> <!-- C:\Users\kulka\IdeaProjects\TalentscreenAutomationProject -->
  </suite> <!-- suite2 -->
  <suite name="suite1" duration-ms="81981" started-at="2020-06-16T14:15:42 PDT" finished-at="2020-06-16T14:17:04 PDT">
    <groups>
    </groups>
    <test name="C:\Users\kulka\IdeaProjects\TalentscreenAutomationProject" duration-ms="81981" started-at="2020-06-16T14:15:42 PDT" finished-at="2020-06-16T14:17:04 PDT">
      <class name="com.wbl.base.BaseTest">
        <test-method status="PASS" signature="beforeSuite(org.testng.ITestContext)[pri:0, instance:com.wbl.base.BaseTest@7eac9008]" name="beforeSuite" is-config="true" duration-ms="16" started-at="2020-06-16T14:15:42 PDT" finished-at="2020-06-16T14:15:42 PDT">
          <params>
            <param index="0">
              <value>
                <![CDATA[org.testng.TestRunner@37f1104d]]>
              </value>
            </param>
          </params>
          <reporter-output>
          </reporter-output>
        </test-method> <!-- beforeSuite -->
        <test-method status="PASS" signature="setUp()[pri:0, instance:com.wbl.base.BaseTest@7eac9008]" name="setUp" is-config="true" duration-ms="12271" started-at="2020-06-16T14:15:42 PDT" finished-at="2020-06-16T14:15:54 PDT">
          <reporter-output>
          </reporter-output>
        </test-method> <!-- setUp -->
        <test-method status="PASS" signature="searchURLTest1()[pri:1, instance:com.wbl.base.BaseTest@7eac9008]" name="searchURLTest1" duration-ms="3460" started-at="2020-06-16T14:15:54 PDT" finished-at="2020-06-16T14:15:57 PDT">
          <reporter-output>
          </reporter-output>
        </test-method> <!-- searchURLTest1 -->
        <test-method status="PASS" signature="tearDown(org.testng.ITestResult)[pri:0, instance:com.wbl.base.BaseTest@7eac9008]" name="tearDown" is-config="true" duration-ms="4405" started-at="2020-06-16T14:15:57 PDT" finished-at="2020-06-16T14:16:02 PDT">
          <params>
            <param index="0">
              <value>
                <![CDATA[[TestResult name=searchURLTest1 status=SUCCESS method=BaseTest.searchURLTest1()[pri:1, instance:com.wbl.base.BaseTest@7eac9008] output={null}]]]>
              </value>
            </param>
          </params>
          <reporter-output>
          </reporter-output>
        </test-method> <!-- tearDown -->
        <test-method status="PASS" signature="setUp()[pri:0, instance:com.wbl.base.BaseTest@7eac9008]" name="setUp" is-config="true" duration-ms="10425" started-at="2020-06-16T14:16:02 PDT" finished-at="2020-06-16T14:16:12 PDT">
          <reporter-output>
          </reporter-output>
        </test-method> <!-- setUp -->
        <test-method status="PASS" signature="searchURLTest2()[pri:2, instance:com.wbl.base.BaseTest@7eac9008]" name="searchURLTest2" duration-ms="476" started-at="2020-06-16T14:16:12 PDT" finished-at="2020-06-16T14:16:13 PDT">
          <reporter-output>
          </reporter-output>
        </test-method> <!-- searchURLTest2 -->
        <test-method status="PASS" signature="tearDown(org.testng.ITestResult)[pri:0, instance:com.wbl.base.BaseTest@7eac9008]" name="tearDown" is-config="true" duration-ms="84" started-at="2020-06-16T14:16:13 PDT" finished-at="2020-06-16T14:16:13 PDT">
          <params>
            <param index="0">
              <value>
                <![CDATA[[TestResult name=searchURLTest2 status=SUCCESS method=BaseTest.searchURLTest2()[pri:2, instance:com.wbl.base.BaseTest@7eac9008] output={null}]]]>
              </value>
            </param>
          </params>
          <reporter-output>
          </reporter-output>
        </test-method> <!-- tearDown -->
        <test-method status="PASS" signature="setUp()[pri:0, instance:com.wbl.base.BaseTest@7eac9008]" name="setUp" is-config="true" duration-ms="11217" started-at="2020-06-16T14:16:13 PDT" finished-at="2020-06-16T14:16:24 PDT">
          <reporter-output>
          </reporter-output>
        </test-method> <!-- setUp -->
        <test-method status="PASS" signature="searchURLTest3()[pri:3, instance:com.wbl.base.BaseTest@7eac9008]" name="searchURLTest3" duration-ms="265" started-at="2020-06-16T14:16:24 PDT" finished-at="2020-06-16T14:16:24 PDT">
          <reporter-output>
          </reporter-output>
        </test-method> <!-- searchURLTest3 -->
        <test-method status="PASS" signature="tearDown(org.testng.ITestResult)[pri:0, instance:com.wbl.base.BaseTest@7eac9008]" name="tearDown" is-config="true" duration-ms="4400" started-at="2020-06-16T14:16:24 PDT" finished-at="2020-06-16T14:16:29 PDT">
          <params>
            <param index="0">
              <value>
                <![CDATA[[TestResult name=searchURLTest3 status=SUCCESS method=BaseTest.searchURLTest3()[pri:3, instance:com.wbl.base.BaseTest@7eac9008] output={null}]]]>
              </value>
            </param>
          </params>
          <reporter-output>
          </reporter-output>
        </test-method> <!-- tearDown -->
        <test-method status="PASS" signature="setUp()[pri:0, instance:com.wbl.base.BaseTest@7eac9008]" name="setUp" is-config="true" duration-ms="10550" started-at="2020-06-16T14:16:29 PDT" finished-at="2020-06-16T14:16:39 PDT">
          <reporter-output>
          </reporter-output>
        </test-method> <!-- setUp -->
        <test-method status="PASS" signature="searchURLTest4()[pri:4, instance:com.wbl.base.BaseTest@7eac9008]" name="searchURLTest4" duration-ms="3319" started-at="2020-06-16T14:16:39 PDT" finished-at="2020-06-16T14:16:43 PDT">
          <reporter-output>
          </reporter-output>
        </test-method> <!-- searchURLTest4 -->
        <test-method status="PASS" signature="tearDown(org.testng.ITestResult)[pri:0, instance:com.wbl.base.BaseTest@7eac9008]" name="tearDown" is-config="true" duration-ms="224" started-at="2020-06-16T14:16:43 PDT" finished-at="2020-06-16T14:16:43 PDT">
          <params>
            <param index="0">
              <value>
                <![CDATA[[TestResult name=searchURLTest4 status=SUCCESS method=BaseTest.searchURLTest4()[pri:4, instance:com.wbl.base.BaseTest@7eac9008] output={null}]]]>
              </value>
            </param>
          </params>
          <reporter-output>
          </reporter-output>
        </test-method> <!-- tearDown -->
        <test-method status="PASS" signature="setUp()[pri:0, instance:com.wbl.base.BaseTest@7eac9008]" name="setUp" is-config="true" duration-ms="12275" started-at="2020-06-16T14:16:43 PDT" finished-at="2020-06-16T14:16:55 PDT">
          <reporter-output>
          </reporter-output>
        </test-method> <!-- setUp -->
        <test-method status="PASS" signature="searchURLTest5()[pri:5, instance:com.wbl.base.BaseTest@7eac9008]" name="searchURLTest5" duration-ms="4430" started-at="2020-06-16T14:16:55 PDT" finished-at="2020-06-16T14:16:59 PDT">
          <reporter-output>
          </reporter-output>
        </test-method> <!-- searchURLTest5 -->
        <test-method status="PASS" signature="tearDown(org.testng.ITestResult)[pri:0, instance:com.wbl.base.BaseTest@7eac9008]" name="tearDown" is-config="true" duration-ms="4152" started-at="2020-06-16T14:16:59 PDT" finished-at="2020-06-16T14:17:04 PDT">
          <params>
            <param index="0">
              <value>
                <![CDATA[[TestResult name=searchURLTest5 status=SUCCESS method=BaseTest.searchURLTest5()[pri:5, instance:com.wbl.base.BaseTest@7eac9008] output={null}]]]>
              </value>
            </param>
          </params>
          <reporter-output>
          </reporter-output>
        </test-method> <!-- tearDown -->
        <test-method status="PASS" signature="afterSuite()[pri:0, instance:com.wbl.base.BaseTest@7eac9008]" name="afterSuite" is-config="true" duration-ms="619" started-at="2020-06-16T14:17:04 PDT" finished-at="2020-06-16T14:17:04 PDT">
          <reporter-output>
          </reporter-output>
        </test-method> <!-- afterSuite -->
      </class> <!-- com.wbl.base.BaseTest -->
    </test> <!-- C:\Users\kulka\IdeaProjects\TalentscreenAutomationProject -->
  </suite> <!-- suite1 -->
  <suite name="All Test Suite" duration-ms="0" started-at="2020-06-16T14:18:00 PDT" finished-at="2020-06-16T14:18:00 PDT">
    <groups>
    </groups>
  </suite> <!-- All Test Suite -->
</testng-results>
