<?xml version="1.0" encoding="UTF-8"?>
<testng-results skipped="0" failed="0" ignored="0" total="11" passed="11">
  <reporter-output>
  </reporter-output>
  <suite name="All Test Suite" duration-ms="108671" started-at="2020-06-16T14:01:55 PDT" finished-at="2020-06-16T14:03:44 PDT">
    <groups>
    </groups>
    <test name="C:\Users\kulka\IdeaProjects\SuvWblAutomationFramework" duration-ms="108671" started-at="2020-06-16T14:01:55 PDT" finished-at="2020-06-16T14:03:44 PDT">
      <class name="org.example.test.LoginPageTest">
        <test-method status="PASS" signature="beforeSuite(org.testng.ITestContext)[pri:0, instance:org.example.test.LoginPageTest@6ed3ccb2]" name="beforeSuite" is-config="true" duration-ms="16" started-at="2020-06-16T14:01:55 PDT" finished-at="2020-06-16T14:01:55 PDT">
          <params>
            <param index="0">
              <value>
                <![CDATA[org.testng.TestRunner@4e17913b]]>
              </value>
            </param>
          </params>
          <reporter-output>
          </reporter-output>
        </test-method> <!-- beforeSuite -->
        <test-method status="PASS" signature="setUp()[pri:0, instance:org.example.test.LoginPageTest@6ed3ccb2]" name="setUp" is-config="true" duration-ms="6722" started-at="2020-06-16T14:03:14 PDT" finished-at="2020-06-16T14:03:21 PDT">
          <reporter-output>
          </reporter-output>
        </test-method> <!-- setUp -->
        <test-method status="PASS" signature="loginTest(java.lang.String, java.lang.String, java.lang.String)[pri:0, instance:org.example.test.LoginPageTest@6ed3ccb2]" name="loginTest" duration-ms="2346" started-at="2020-06-16T14:03:21 PDT" data-provider="LogPassData" finished-at="2020-06-16T14:03:23 PDT">
          <params>
            <param index="0">
              <value>
                <![CDATA[training123@gmail.com]]>
              </value>
            </param>
            <param index="1">
              <value>
                <![CDATA[training123]]>
              </value>
            </param>
            <param index="2">
              <value>
                <![CDATA[You have not registered.]]>
              </value>
            </param>
          </params>
          <reporter-output>
          </reporter-output>
        </test-method> <!-- loginTest -->
        <test-method status="PASS" signature="tearDown(org.testng.ITestResult)[pri:0, instance:org.example.test.LoginPageTest@6ed3ccb2]" name="tearDown" is-config="true" duration-ms="904" started-at="2020-06-16T14:03:23 PDT" finished-at="2020-06-16T14:03:24 PDT">
          <params>
            <param index="0">
              <value>
                <![CDATA[[TestResult name=loginTest status=SUCCESS method=LoginPageTest.loginTest(java.lang.String, java.lang.String, java.lang.String)[pri:0, instance:org.example.test.LoginPageTest@6ed3ccb2] output={null}]]]>
              </value>
            </param>
          </params>
          <reporter-output>
          </reporter-output>
        </test-method> <!-- tearDown -->
        <test-method status="PASS" signature="setUp()[pri:0, instance:org.example.test.LoginPageTest@6ed3ccb2]" name="setUp" is-config="true" duration-ms="6873" started-at="2020-06-16T14:03:24 PDT" finished-at="2020-06-16T14:03:31 PDT">
          <reporter-output>
          </reporter-output>
        </test-method> <!-- setUp -->
        <test-method status="PASS" signature="loginTest(java.lang.String, java.lang.String, java.lang.String)[pri:0, instance:org.example.test.LoginPageTest@6ed3ccb2]" name="loginTest" duration-ms="2342" started-at="2020-06-16T14:03:31 PDT" data-provider="LogPassData" finished-at="2020-06-16T14:03:33 PDT">
          <params>
            <param index="0">
              <value>
                <![CDATA[abc123@gmail.com]]>
              </value>
            </param>
            <param index="1">
              <value>
                <![CDATA[abc123]]>
              </value>
            </param>
            <param index="2">
              <value>
                <![CDATA[You have not registered.]]>
              </value>
            </param>
          </params>
          <reporter-output>
          </reporter-output>
        </test-method> <!-- loginTest -->
        <test-method status="PASS" signature="tearDown(org.testng.ITestResult)[pri:0, instance:org.example.test.LoginPageTest@6ed3ccb2]" name="tearDown" is-config="true" duration-ms="776" started-at="2020-06-16T14:03:33 PDT" finished-at="2020-06-16T14:03:34 PDT">
          <params>
            <param index="0">
              <value>
                <![CDATA[[TestResult name=loginTest status=SUCCESS method=LoginPageTest.loginTest(java.lang.String, java.lang.String, java.lang.String)[pri:0, instance:org.example.test.LoginPageTest@6ed3ccb2] output={null}]]]>
              </value>
            </param>
          </params>
          <reporter-output>
          </reporter-output>
        </test-method> <!-- tearDown -->
        <test-method status="PASS" signature="setUp()[pri:0, instance:org.example.test.LoginPageTest@6ed3ccb2]" name="setUp" is-config="true" duration-ms="6826" started-at="2020-06-16T14:03:34 PDT" finished-at="2020-06-16T14:03:41 PDT">
          <reporter-output>
          </reporter-output>
        </test-method> <!-- setUp -->
        <test-method status="PASS" signature="loginTest(java.lang.String, java.lang.String, java.lang.String)[pri:0, instance:org.example.test.LoginPageTest@6ed3ccb2]" name="loginTest" duration-ms="2303" started-at="2020-06-16T14:03:41 PDT" data-provider="LogPassData" finished-at="2020-06-16T14:03:43 PDT">
          <params>
            <param index="0">
              <value>
                <![CDATA[xyz987@gmail.com]]>
              </value>
            </param>
            <param index="1">
              <value>
                <![CDATA[xyz987]]>
              </value>
            </param>
            <param index="2">
              <value>
                <![CDATA[You have not registered.]]>
              </value>
            </param>
          </params>
          <reporter-output>
          </reporter-output>
        </test-method> <!-- loginTest -->
        <test-method status="PASS" signature="tearDown(org.testng.ITestResult)[pri:0, instance:org.example.test.LoginPageTest@6ed3ccb2]" name="tearDown" is-config="true" duration-ms="664" started-at="2020-06-16T14:03:43 PDT" finished-at="2020-06-16T14:03:44 PDT">
          <params>
            <param index="0">
              <value>
                <![CDATA[[TestResult name=loginTest status=SUCCESS method=LoginPageTest.loginTest(java.lang.String, java.lang.String, java.lang.String)[pri:0, instance:org.example.test.LoginPageTest@6ed3ccb2] output={null}]]]>
              </value>
            </param>
          </params>
          <reporter-output>
          </reporter-output>
        </test-method> <!-- tearDown -->
      </class> <!-- org.example.test.LoginPageTest -->
      <class name="org.example.test.HomePageTest">
        <test-method status="PASS" signature="beforeSuite()[pri:0, instance:org.example.test.HomePageTest@74e52ef6]" name="beforeSuite" is-config="true" duration-ms="0" started-at="2020-06-16T14:01:55 PDT" finished-at="2020-06-16T14:01:55 PDT">
          <reporter-output>
          </reporter-output>
        </test-method> <!-- beforeSuite -->
        <test-method status="PASS" signature="setUp()[pri:0, instance:org.example.test.HomePageTest@74e52ef6]" name="setUp" is-config="true" duration-ms="9015" started-at="2020-06-16T14:01:55 PDT" finished-at="2020-06-16T14:02:04 PDT">
          <reporter-output>
          </reporter-output>
        </test-method> <!-- setUp -->
        <test-method status="PASS" signature="searchTextTest()[pri:1, instance:org.example.test.HomePageTest@74e52ef6]" name="searchTextTest" duration-ms="64" started-at="2020-06-16T14:02:04 PDT" finished-at="2020-06-16T14:02:04 PDT">
          <reporter-output>
          </reporter-output>
        </test-method> <!-- searchTextTest -->
        <test-method status="PASS" signature="tearDown()[pri:0, instance:org.example.test.HomePageTest@74e52ef6]" name="tearDown" is-config="true" duration-ms="687" started-at="2020-06-16T14:02:04 PDT" finished-at="2020-06-16T14:02:05 PDT">
          <reporter-output>
          </reporter-output>
        </test-method> <!-- tearDown -->
        <test-method status="PASS" signature="setUp()[pri:0, instance:org.example.test.HomePageTest@74e52ef6]" name="setUp" is-config="true" duration-ms="7762" started-at="2020-06-16T14:02:05 PDT" finished-at="2020-06-16T14:02:13 PDT">
          <reporter-output>
          </reporter-output>
        </test-method> <!-- setUp -->
        <test-method status="PASS" signature="techImagesTest()[pri:2, instance:org.example.test.HomePageTest@74e52ef6]" name="techImagesTest" duration-ms="40" started-at="2020-06-16T14:02:13 PDT" finished-at="2020-06-16T14:02:13 PDT">
          <reporter-output>
          </reporter-output>
        </test-method> <!-- techImagesTest -->
        <test-method status="PASS" signature="tearDown()[pri:0, instance:org.example.test.HomePageTest@74e52ef6]" name="tearDown" is-config="true" duration-ms="779" started-at="2020-06-16T14:02:13 PDT" finished-at="2020-06-16T14:02:13 PDT">
          <reporter-output>
          </reporter-output>
        </test-method> <!-- tearDown -->
        <test-method status="PASS" signature="setUp()[pri:0, instance:org.example.test.HomePageTest@74e52ef6]" name="setUp" is-config="true" duration-ms="7759" started-at="2020-06-16T14:02:13 PDT" finished-at="2020-06-16T14:02:21 PDT">
          <reporter-output>
          </reporter-output>
        </test-method> <!-- setUp -->
        <test-method status="PASS" signature="searchURLTest2()[pri:3, instance:org.example.test.HomePageTest@74e52ef6]" name="searchURLTest2" duration-ms="135" started-at="2020-06-16T14:02:21 PDT" finished-at="2020-06-16T14:02:21 PDT">
          <reporter-output>
          </reporter-output>
        </test-method> <!-- searchURLTest2 -->
        <test-method status="PASS" signature="tearDown()[pri:0, instance:org.example.test.HomePageTest@74e52ef6]" name="tearDown" is-config="true" duration-ms="1215" started-at="2020-06-16T14:02:21 PDT" finished-at="2020-06-16T14:02:23 PDT">
          <reporter-output>
          </reporter-output>
        </test-method> <!-- tearDown -->
        <test-method status="PASS" signature="setUp()[pri:0, instance:org.example.test.HomePageTest@74e52ef6]" name="setUp" is-config="true" duration-ms="8062" started-at="2020-06-16T14:02:23 PDT" finished-at="2020-06-16T14:02:31 PDT">
          <reporter-output>
          </reporter-output>
        </test-method> <!-- setUp -->
        <test-method status="PASS" signature="searchURLTest1()[pri:4, instance:org.example.test.HomePageTest@74e52ef6]" name="searchURLTest1" duration-ms="824" started-at="2020-06-16T14:02:31 PDT" finished-at="2020-06-16T14:02:31 PDT">
          <reporter-output>
          </reporter-output>
        </test-method> <!-- searchURLTest1 -->
        <test-method status="PASS" signature="tearDown()[pri:0, instance:org.example.test.HomePageTest@74e52ef6]" name="tearDown" is-config="true" duration-ms="842" started-at="2020-06-16T14:02:31 PDT" finished-at="2020-06-16T14:02:32 PDT">
          <reporter-output>
          </reporter-output>
        </test-method> <!-- tearDown -->
        <test-method status="PASS" signature="setUp()[pri:0, instance:org.example.test.HomePageTest@74e52ef6]" name="setUp" is-config="true" duration-ms="7715" started-at="2020-06-16T14:02:32 PDT" finished-at="2020-06-16T14:02:40 PDT">
          <reporter-output>
          </reporter-output>
        </test-method> <!-- setUp -->
        <test-method status="PASS" signature="searchURLTest3()[pri:5, instance:org.example.test.HomePageTest@74e52ef6]" name="searchURLTest3" duration-ms="856" started-at="2020-06-16T14:02:40 PDT" finished-at="2020-06-16T14:02:41 PDT">
          <reporter-output>
          </reporter-output>
        </test-method> <!-- searchURLTest3 -->
        <test-method status="PASS" signature="tearDown()[pri:0, instance:org.example.test.HomePageTest@74e52ef6]" name="tearDown" is-config="true" duration-ms="756" started-at="2020-06-16T14:02:41 PDT" finished-at="2020-06-16T14:02:42 PDT">
          <reporter-output>
          </reporter-output>
        </test-method> <!-- tearDown -->
        <test-method status="PASS" signature="setUp()[pri:0, instance:org.example.test.HomePageTest@74e52ef6]" name="setUp" is-config="true" duration-ms="7988" started-at="2020-06-16T14:02:42 PDT" finished-at="2020-06-16T14:02:50 PDT">
          <reporter-output>
          </reporter-output>
        </test-method> <!-- setUp -->
        <test-method status="PASS" signature="searchURLTest4()[pri:6, instance:org.example.test.HomePageTest@74e52ef6]" name="searchURLTest4" duration-ms="1248" started-at="2020-06-16T14:02:50 PDT" finished-at="2020-06-16T14:02:51 PDT">
          <reporter-output>
          </reporter-output>
        </test-method> <!-- searchURLTest4 -->
        <test-method status="PASS" signature="tearDown()[pri:0, instance:org.example.test.HomePageTest@74e52ef6]" name="tearDown" is-config="true" duration-ms="739" started-at="2020-06-16T14:02:51 PDT" finished-at="2020-06-16T14:02:52 PDT">
          <reporter-output>
          </reporter-output>
        </test-method> <!-- tearDown -->
        <test-method status="PASS" signature="setUp()[pri:0, instance:org.example.test.HomePageTest@74e52ef6]" name="setUp" is-config="true" duration-ms="10192" started-at="2020-06-16T14:02:52 PDT" finished-at="2020-06-16T14:03:02 PDT">
          <reporter-output>
          </reporter-output>
        </test-method> <!-- setUp -->
        <test-method status="PASS" signature="searchURLTest5()[pri:7, instance:org.example.test.HomePageTest@74e52ef6]" name="searchURLTest5" duration-ms="1963" started-at="2020-06-16T14:03:02 PDT" finished-at="2020-06-16T14:03:04 PDT">
          <reporter-output>
          </reporter-output>
        </test-method> <!-- searchURLTest5 -->
        <test-method status="PASS" signature="tearDown()[pri:0, instance:org.example.test.HomePageTest@74e52ef6]" name="tearDown" is-config="true" duration-ms="765" started-at="2020-06-16T14:03:04 PDT" finished-at="2020-06-16T14:03:05 PDT">
          <reporter-output>
          </reporter-output>
        </test-method> <!-- tearDown -->
        <test-method status="PASS" signature="setUp()[pri:0, instance:org.example.test.HomePageTest@74e52ef6]" name="setUp" is-config="true" duration-ms="7523" started-at="2020-06-16T14:03:05 PDT" finished-at="2020-06-16T14:03:12 PDT">
          <reporter-output>
          </reporter-output>
        </test-method> <!-- setUp -->
        <test-method status="PASS" signature="searchURLTest6()[pri:8, instance:org.example.test.HomePageTest@74e52ef6]" name="searchURLTest6" duration-ms="488" started-at="2020-06-16T14:03:12 PDT" finished-at="2020-06-16T14:03:13 PDT">
          <reporter-output>
          </reporter-output>
        </test-method> <!-- searchURLTest6 -->
        <test-method status="PASS" signature="tearDown()[pri:0, instance:org.example.test.HomePageTest@74e52ef6]" name="tearDown" is-config="true" duration-ms="830" started-at="2020-06-16T14:03:13 PDT" finished-at="2020-06-16T14:03:13 PDT">
          <reporter-output>
          </reporter-output>
        </test-method> <!-- tearDown -->
      </class> <!-- org.example.test.HomePageTest -->
    </test> <!-- C:\Users\kulka\IdeaProjects\SuvWblAutomationFramework -->
  </suite> <!-- All Test Suite -->
</testng-results>
