<?xml version="1.0" encoding="UTF-8"?>
<testsuite xmlns:xsi="http://www.w3.org/2001/XMLSchema-instance" xsi:noNamespaceSchemaLocation="https://maven.apache.org/surefire/maven-surefire-plugin/xsd/surefire-test-report.xsd" name="TestSuite" time="68.85" tests="6" errors="0" skipped="0" failures="1">
  <properties>
[...]
</properties>
  <testcase name="searchTextTest" classname="org.example.test.HomePageTest" time="0.08"/>
  <testcase name="techImagesTest" classname="org.example.test.HomePageTest" time="0.032"/>
  <testcase name="searchURLTest2" classname="org.example.test.HomePageTest" time="0.128"/>
  <testcase name="searchURLTest1" classname="org.example.test.HomePageTest" time="0.533"/>
  <testcase name="searchURLTest3" classname="org.example.test.HomePageTest" time="1.992"/>
  <testcase name="loginTest" classname="org.example.test.LoginPageTest" time="0.451">
    <failure message="no such element: Unable to locate element: {&quot;method&quot;:&quot;xpath&quot;,&quot;selector&quot;:&quot;//h6[@class=&apos;text-danger&apos;]&quot;}&#10;  (Session info: chrome=83.0.4103.97)&#10;For documentation on this error, please visit: https://www.seleniumhq.org/exceptions/no_such_element.html&#10;Build info: version: &apos;3.141.59&apos;, revision: &apos;e82be7d358&apos;, time: &apos;2018-11-14T08:17:03&apos;&#10;System info: host: &apos;DESKTOP-BF8FUQH&apos;, ip: &apos;192.168.99.1&apos;, os.name: &apos;Windows 10&apos;, os.arch: &apos;amd64&apos;, os.version: &apos;10.0&apos;, java.version: &apos;1.8.0_251&apos;&#10;Driver info: org.openqa.selenium.chrome.ChromeDriver&#10;Capabilities {acceptInsecureCerts: false, browserName: chrome, browserVersion: 83.0.4103.97, chrome: {chromedriverVersion: 83.0.4103.39 (ccbf011cb2d2b..., userDataDir: C:\Users\kulka\AppData\Loca...}, goog:chromeOptions: {debuggerAddress: localhost:49914}, javascriptEnabled: true, networkConnectionEnabled: false, pageLoadStrategy: normal, platform: WINDOWS, platformName: WINDOWS, proxy: Proxy(), setWindowRect: true, strictFileInteractability: false, timeouts: {implicit: 0, pageLoad: 300000, script: 30000}, unhandledPromptBehavior: dismiss and notify, webauthn:virtualAuthenticators: true}&#10;Session ID: 86ce12ef69df089635b44c17cc27309d&#10;*** Element info: {Using=xpath, value=//h6[@class=&apos;text-danger&apos;]}" type="org.openqa.selenium.NoSuchElementException">org.openqa.selenium.NoSuchElementException: 
no such element: Unable to locate element: {"method":"xpath","selector":"//h6[@class='text-danger']"}
  (Session info: chrome=83.0.4103.97)
For documentation on this error, please visit: https://www.seleniumhq.org/exceptions/no_such_element.html
Build info: version: '3.141.59', revision: 'e82be7d358', time: '2018-11-14T08:17:03'
System info: host: 'DESKTOP-BF8FUQH', ip: '192.168.99.1', os.name: 'Windows 10', os.arch: 'amd64', os.version: '10.0', java.version: '1.8.0_251'
Driver info: org.openqa.selenium.chrome.ChromeDriver
Capabilities {acceptInsecureCerts: false, browserName: chrome, browserVersion: 83.0.4103.97, chrome: {chromedriverVersion: 83.0.4103.39 (ccbf011cb2d2b..., userDataDir: C:\Users\kulka\AppData\Loca...}, goog:chromeOptions: {debuggerAddress: localhost:49914}, javascriptEnabled: true, networkConnectionEnabled: false, pageLoadStrategy: normal, platform: WINDOWS, platformName: WINDOWS, proxy: Proxy(), setWindowRect: true, strictFileInteractability: false, timeouts: {implicit: 0, pageLoad: 300000, script: 30000}, unhandledPromptBehavior: dismiss and notify, webauthn:virtualAuthenticators: true}
Session ID: 86ce12ef69df089635b44c17cc27309d
*** Element info: {Using=xpath, value=//h6[@class='text-danger']}
	at org.example.test.LoginPageTest.loginTest(LoginPageTest.java:19)
</failure>
    <system-out><![CDATA[get the current url : http://www.whiteboxqa.com/login.php
I am here...........
username : [[ChromeDriver: chrome on WINDOWS (86ce12ef69df089635b44c17cc27309d)] -> id: username]
password : [[ChromeDriver: chrome on WINDOWS (86ce12ef69df089635b44c17cc27309d)] -> id: password]
login button : [[ChromeDriver: chrome on WINDOWS (86ce12ef69df089635b44c17cc27309d)] -> id: login]
]]></system-out>
    <system-err><![CDATA[Starting ChromeDriver 83.0.4103.39 (ccbf011cb2d2b19b506d844400483861342c20cd-refs/branch-heads/4103@{#416}) on port 1165
Only local connections are allowed.
Please see https://chromedriver.chromium.org/security-considerations for suggestions on keeping ChromeDriver safe.
ChromeDriver was started successfully.
Jun 10, 2020 4:52:19 PM org.openqa.selenium.remote.ProtocolHandshake createSession
INFO: Detected dialect: W3C
]]></system-err>
  </testcase>
</testsuite>