<?xml version="1.0" encoding="UTF-8"?>
<testng-results skipped="0" failed="1" ignored="0" total="6" passed="5">
  <reporter-output>
  </reporter-output>
  <suite name="All Test Suite" duration-ms="68116" started-at="2020-06-10T16:51:18 PDT" finished-at="2020-06-10T16:52:26 PDT">
    <groups>
    </groups>
    <test name="C:\Users\kulka\IdeaProjects\SuvWblAutomationFramework" duration-ms="68116" started-at="2020-06-10T16:51:18 PDT" finished-at="2020-06-10T16:52:26 PDT">
      <class name="org.example.test.LoginPageTest">
        <test-method status="PASS" signature="beforeSuite()[pri:0, instance:org.example.test.LoginPageTest@73ad2d6]" name="beforeSuite" is-config="true" duration-ms="15" started-at="2020-06-10T16:51:18 PDT" finished-at="2020-06-10T16:51:18 PDT">
          <reporter-output>
          </reporter-output>
        </test-method> <!-- beforeSuite -->
        <test-method status="PASS" signature="setUp()[pri:0, instance:org.example.test.LoginPageTest@73ad2d6]" name="setUp" is-config="true" duration-ms="9288" started-at="2020-06-10T16:52:15 PDT" finished-at="2020-06-10T16:52:25 PDT">
          <reporter-output>
          </reporter-output>
        </test-method> <!-- setUp -->
        <test-method status="FAIL" signature="loginTest()[pri:0, instance:org.example.test.LoginPageTest@73ad2d6]" name="loginTest" duration-ms="446" started-at="2020-06-10T16:52:25 PDT" finished-at="2020-06-10T16:52:25 PDT">
          <exception class="org.openqa.selenium.NoSuchElementException">
            <message>
              <![CDATA[no such element: Unable to locate element: {"method":"xpath","selector":"//h6[@class='text-danger']"}
  (Session info: chrome=83.0.4103.97)
For documentation on this error, please visit: https://www.seleniumhq.org/exceptions/no_such_element.html
Build info: version: '3.141.59', revision: 'e82be7d358', time: '2018-11-14T08:17:03'
System info: host: 'DESKTOP-BF8FUQH', ip: '192.168.99.1', os.name: 'Windows 10', os.arch: 'amd64', os.version: '10.0', java.version: '1.8.0_251'
Driver info: org.openqa.selenium.chrome.ChromeDriver
Capabilities {acceptInsecureCerts: false, browserName: chrome, browserVersion: 83.0.4103.97, chrome: {chromedriverVersion: 83.0.4103.39 (ccbf011cb2d2b..., userDataDir: C:\Users\kulka\AppData\Loca...}, goog:chromeOptions: {debuggerAddress: localhost:49914}, javascriptEnabled: true, networkConnectionEnabled: false, pageLoadStrategy: normal, platform: WINDOWS, platformName: WINDOWS, proxy: Proxy(), setWindowRect: true, strictFileInteractability: false, timeouts: {implicit: 0, pageLoad: 300000, script: 30000}, unhandledPromptBehavior: dismiss and notify, webauthn:virtualAuthenticators: true}
Session ID: 86ce12ef69df089635b44c17cc27309d
*** Element info: {Using=xpath, value=//h6[@class='text-danger']}]]>
            </message>
            <full-stacktrace>
              <![CDATA[org.openqa.selenium.NoSuchElementException: no such element: Unable to locate element: {"method":"xpath","selector":"//h6[@class='text-danger']"}
  (Session info: chrome=83.0.4103.97)
For documentation on this error, please visit: https://www.seleniumhq.org/exceptions/no_such_element.html
Build info: version: '3.141.59', revision: 'e82be7d358', time: '2018-11-14T08:17:03'
System info: host: 'DESKTOP-BF8FUQH', ip: '192.168.99.1', os.name: 'Windows 10', os.arch: 'amd64', os.version: '10.0', java.version: '1.8.0_251'
Driver info: org.openqa.selenium.chrome.ChromeDriver
Capabilities {acceptInsecureCerts: false, browserName: chrome, browserVersion: 83.0.4103.97, chrome: {chromedriverVersion: 83.0.4103.39 (ccbf011cb2d2b..., userDataDir: C:\Users\kulka\AppData\Loca...}, goog:chromeOptions: {debuggerAddress: localhost:49914}, javascriptEnabled: true, networkConnectionEnabled: false, pageLoadStrategy: normal, platform: WINDOWS, platformName: WINDOWS, proxy: Proxy(), setWindowRect: true, strictFileInteractability: false, timeouts: {implicit: 0, pageLoad: 300000, script: 30000}, unhandledPromptBehavior: dismiss and notify, webauthn:virtualAuthenticators: true}
Session ID: 86ce12ef69df089635b44c17cc27309d
*** Element info: {Using=xpath, value=//h6[@class='text-danger']}
at sun.reflect.NativeConstructorAccessorImpl.newInstance0(Native Method)
at sun.reflect.NativeConstructorAccessorImpl.newInstance(NativeConstructorAccessorImpl.java:62)
at sun.reflect.DelegatingConstructorAccessorImpl.newInstance(DelegatingConstructorAccessorImpl.java:45)
at java.lang.reflect.Constructor.newInstance(Constructor.java:423)
at org.openqa.selenium.remote.http.W3CHttpResponseCodec.createException(W3CHttpResponseCodec.java:187)
at org.openqa.selenium.remote.http.W3CHttpResponseCodec.decode(W3CHttpResponseCodec.java:122)
at org.openqa.selenium.remote.http.W3CHttpResponseCodec.decode(W3CHttpResponseCodec.java:49)
at org.openqa.selenium.remote.HttpCommandExecutor.execute(HttpCommandExecutor.java:158)
at org.openqa.selenium.remote.service.DriverCommandExecutor.execute(DriverCommandExecutor.java:83)
at org.openqa.selenium.remote.RemoteWebDriver.execute(RemoteWebDriver.java:552)
at org.openqa.selenium.remote.RemoteWebDriver.findElement(RemoteWebDriver.java:323)
at org.openqa.selenium.remote.RemoteWebDriver.findElementByXPath(RemoteWebDriver.java:428)
at org.openqa.selenium.By$ByXPath.findElement(By.java:353)
at org.openqa.selenium.remote.RemoteWebDriver.findElement(RemoteWebDriver.java:315)
at org.example.pages.LoginPage.login(LoginPage.java:28)
at org.example.test.LoginPageTest.loginTest(LoginPageTest.java:19)
at sun.reflect.NativeMethodAccessorImpl.invoke0(Native Method)
at sun.reflect.NativeMethodAccessorImpl.invoke(NativeMethodAccessorImpl.java:62)
at sun.reflect.DelegatingMethodAccessorImpl.invoke(DelegatingMethodAccessorImpl.java:43)
at java.lang.reflect.Method.invoke(Method.java:498)
at org.testng.internal.MethodInvocationHelper.invokeMethod(MethodInvocationHelper.java:134)
at org.testng.internal.TestInvoker.invokeMethod(TestInvoker.java:597)
at org.testng.internal.TestInvoker.invokeTestMethod(TestInvoker.java:173)
at org.testng.internal.MethodRunner.runInSequence(MethodRunner.java:46)
at org.testng.internal.TestInvoker$MethodInvocationAgent.invoke(TestInvoker.java:816)
at org.testng.internal.TestInvoker.invokeTestMethods(TestInvoker.java:146)
at org.testng.internal.TestMethodWorker.invokeTestMethods(TestMethodWorker.java:146)
at org.testng.internal.TestMethodWorker.run(TestMethodWorker.java:128)
at java.util.ArrayList.forEach(ArrayList.java:1257)
at org.testng.TestRunner.privateRun(TestRunner.java:766)
at org.testng.TestRunner.run(TestRunner.java:587)
at org.testng.SuiteRunner.runTest(SuiteRunner.java:384)
at org.testng.SuiteRunner.runSequentially(SuiteRunner.java:378)
at org.testng.SuiteRunner.privateRun(SuiteRunner.java:337)
at org.testng.SuiteRunner.run(SuiteRunner.java:286)
at org.testng.SuiteRunnerWorker.runSuite(SuiteRunnerWorker.java:53)
at org.testng.SuiteRunnerWorker.run(SuiteRunnerWorker.java:96)
at org.testng.TestNG.runSuitesSequentially(TestNG.java:1187)
at org.testng.TestNG.runSuitesLocally(TestNG.java:1109)
at org.testng.TestNG.runSuites(TestNG.java:1039)
at org.testng.TestNG.run(TestNG.java:1007)
at org.apache.maven.surefire.testng.TestNGExecutor.run(TestNGExecutor.java:283)
at org.apache.maven.surefire.testng.TestNGXmlTestSuite.execute(TestNGXmlTestSuite.java:75)
at org.apache.maven.surefire.testng.TestNGProvider.invoke(TestNGProvider.java:120)
at org.apache.maven.surefire.booter.ForkedBooter.invokeProviderInSameClassLoader(ForkedBooter.java:384)
at org.apache.maven.surefire.booter.ForkedBooter.runSuitesInProcess(ForkedBooter.java:345)
at org.apache.maven.surefire.booter.ForkedBooter.execute(ForkedBooter.java:126)
at org.apache.maven.surefire.booter.ForkedBooter.main(ForkedBooter.java:418)
]]>
            </full-stacktrace>
          </exception> <!-- org.openqa.selenium.NoSuchElementException -->
          <reporter-output>
          </reporter-output>
        </test-method> <!-- loginTest -->
        <test-method status="PASS" signature="tearDown()[pri:0, instance:org.example.test.LoginPageTest@73ad2d6]" name="tearDown" is-config="true" duration-ms="836" started-at="2020-06-10T16:52:25 PDT" finished-at="2020-06-10T16:52:26 PDT">
          <reporter-output>
          </reporter-output>
        </test-method> <!-- tearDown -->
      </class> <!-- org.example.test.LoginPageTest -->
      <class name="org.example.test.HomePageTest">
        <test-method status="PASS" signature="beforeSuite()[pri:0, instance:org.example.test.HomePageTest@3fee9989]" name="beforeSuite" is-config="true" duration-ms="0" started-at="2020-06-10T16:51:18 PDT" finished-at="2020-06-10T16:51:18 PDT">
          <reporter-output>
          </reporter-output>
        </test-method> <!-- beforeSuite -->
        <test-method status="PASS" signature="setUp()[pri:0, instance:org.example.test.HomePageTest@3fee9989]" name="setUp" is-config="true" duration-ms="12703" started-at="2020-06-10T16:51:18 PDT" finished-at="2020-06-10T16:51:30 PDT">
          <reporter-output>
          </reporter-output>
        </test-method> <!-- setUp -->
        <test-method status="PASS" signature="searchTextTest()[pri:1, instance:org.example.test.HomePageTest@3fee9989]" name="searchTextTest" duration-ms="76" started-at="2020-06-10T16:51:31 PDT" finished-at="2020-06-10T16:51:31 PDT">
          <reporter-output>
          </reporter-output>
        </test-method> <!-- searchTextTest -->
        <test-method status="PASS" signature="tearDown()[pri:0, instance:org.example.test.HomePageTest@3fee9989]" name="tearDown" is-config="true" duration-ms="1190" started-at="2020-06-10T16:51:31 PDT" finished-at="2020-06-10T16:51:32 PDT">
          <reporter-output>
          </reporter-output>
        </test-method> <!-- tearDown -->
        <test-method status="PASS" signature="setUp()[pri:0, instance:org.example.test.HomePageTest@3fee9989]" name="setUp" is-config="true" duration-ms="10731" started-at="2020-06-10T16:51:32 PDT" finished-at="2020-06-10T16:51:43 PDT">
          <reporter-output>
          </reporter-output>
        </test-method> <!-- setUp -->
        <test-method status="PASS" signature="techImagesTest()[pri:2, instance:org.example.test.HomePageTest@3fee9989]" name="techImagesTest" duration-ms="32" started-at="2020-06-10T16:51:43 PDT" finished-at="2020-06-10T16:51:43 PDT">
          <reporter-output>
          </reporter-output>
        </test-method> <!-- techImagesTest -->
        <test-method status="PASS" signature="tearDown()[pri:0, instance:org.example.test.HomePageTest@3fee9989]" name="tearDown" is-config="true" duration-ms="922" started-at="2020-06-10T16:51:43 PDT" finished-at="2020-06-10T16:51:43 PDT">
          <reporter-output>
          </reporter-output>
        </test-method> <!-- tearDown -->
        <test-method status="PASS" signature="setUp()[pri:0, instance:org.example.test.HomePageTest@3fee9989]" name="setUp" is-config="true" duration-ms="9969" started-at="2020-06-10T16:51:43 PDT" finished-at="2020-06-10T16:51:53 PDT">
          <reporter-output>
          </reporter-output>
        </test-method> <!-- setUp -->
        <test-method status="PASS" signature="searchURLTest2()[pri:3, instance:org.example.test.HomePageTest@3fee9989]" name="searchURLTest2" duration-ms="128" started-at="2020-06-10T16:51:53 PDT" finished-at="2020-06-10T16:51:54 PDT">
          <reporter-output>
          </reporter-output>
        </test-method> <!-- searchURLTest2 -->
        <test-method status="PASS" signature="tearDown()[pri:0, instance:org.example.test.HomePageTest@3fee9989]" name="tearDown" is-config="true" duration-ms="1311" started-at="2020-06-10T16:51:54 PDT" finished-at="2020-06-10T16:51:55 PDT">
          <reporter-output>
          </reporter-output>
        </test-method> <!-- tearDown -->
        <test-method status="PASS" signature="setUp()[pri:0, instance:org.example.test.HomePageTest@3fee9989]" name="setUp" is-config="true" duration-ms="7799" started-at="2020-06-10T16:51:55 PDT" finished-at="2020-06-10T16:52:03 PDT">
          <reporter-output>
          </reporter-output>
        </test-method> <!-- setUp -->
        <test-method status="PASS" signature="searchURLTest1()[pri:4, instance:org.example.test.HomePageTest@3fee9989]" name="searchURLTest1" duration-ms="533" started-at="2020-06-10T16:52:03 PDT" finished-at="2020-06-10T16:52:03 PDT">
          <reporter-output>
          </reporter-output>
        </test-method> <!-- searchURLTest1 -->
        <test-method status="PASS" signature="tearDown()[pri:0, instance:org.example.test.HomePageTest@3fee9989]" name="tearDown" is-config="true" duration-ms="757" started-at="2020-06-10T16:52:03 PDT" finished-at="2020-06-10T16:52:04 PDT">
          <reporter-output>
          </reporter-output>
        </test-method> <!-- tearDown -->
        <test-method status="PASS" signature="setUp()[pri:0, instance:org.example.test.HomePageTest@3fee9989]" name="setUp" is-config="true" duration-ms="8583" started-at="2020-06-10T16:52:04 PDT" finished-at="2020-06-10T16:52:13 PDT">
          <reporter-output>
          </reporter-output>
        </test-method> <!-- setUp -->
        <test-method status="PASS" signature="searchURLTest3()[pri:5, instance:org.example.test.HomePageTest@3fee9989]" name="searchURLTest3" duration-ms="1992" started-at="2020-06-10T16:52:13 PDT" finished-at="2020-06-10T16:52:15 PDT">
          <reporter-output>
          </reporter-output>
        </test-method> <!-- searchURLTest3 -->
        <test-method status="PASS" signature="tearDown()[pri:0, instance:org.example.test.HomePageTest@3fee9989]" name="tearDown" is-config="true" duration-ms="775" started-at="2020-06-10T16:52:15 PDT" finished-at="2020-06-10T16:52:15 PDT">
          <reporter-output>
          </reporter-output>
        </test-method> <!-- tearDown -->
      </class> <!-- org.example.test.HomePageTest -->
    </test> <!-- C:\Users\kulka\IdeaProjects\SuvWblAutomationFramework -->
  </suite> <!-- All Test Suite -->
</testng-results>
